<?xml version="1.0" encoding="UTF-8"?>
<!-- Generated by org.testng.reporters.JUnitReportReporter -->
<testsuite name="com.company.app.testsuite.TestInsuranceCompany" tests="2" time="19.254" ignored="2" failures="0" timestamp="03 May 2020 03:37:37 GMT" skipped="0" hostname="DESKTOP-M57K9LG" errors="0">
  <testcase name="provideRating" time="0.718" classname="com.company.app.testsuite.TestInsuranceCompany"/>
  <testcase name="verifyLogin" time="18.536" classname="com.company.app.testsuite.TestInsuranceCompany"/>
  <testcase name="startTest" classname="com.company.app.testsuite.BaseTest">
    <skipped/>
  </testcase> <!-- startTest -->
  <testcase name="startTest" classname="com.company.app.testsuite.BaseTest">
    <skipped/>
  </testcase> <!-- startTest -->
</testsuite> <!-- com.company.app.testsuite.TestInsuranceCompany -->
