<?xml version="1.0" encoding="UTF-8"?>
<!-- Generated by org.testng.reporters.JUnitReportReporter -->
<testsuite name="com.company.wallethub.testsuite.InsuranceCompanyRatingTest" tests="2" time="10.594" ignored="1" failures="0" timestamp="04 May 2020 07:20:21 GMT" skipped="0" hostname="DESKTOP-M57K9LG" errors="0">
  <testcase name="VerifyTestInsuranceCompanyRatingPage" time="1.299" classname="com.company.wallethub.testsuite.InsuranceCompanyRatingTest"/>
  <testcase name="provideRating" time="9.295" classname="com.company.wallethub.testsuite.InsuranceCompanyRatingTest"/>
  <testcase name="startTest" classname="com.company.app.common.BaseTest">
    <skipped/>
  </testcase> <!-- startTest -->
</testsuite> <!-- com.company.wallethub.testsuite.InsuranceCompanyRatingTest -->
