<?xml version="1.0" encoding="UTF-8"?>
<!-- Generated by org.testng.reporters.JUnitReportReporter -->
<testsuite name="com.company.facebook.testsuite.FacebookTest" tests="2" time="49.760" ignored="0" failures="0" timestamp="04 May 2020 09:47:27 GMT" skipped="0" hostname="DESKTOP-M57K9LG" errors="0">
  <testcase name="verifyLogin" time="25.374" classname="com.company.facebook.testsuite.FacebookTest"/>
  <testcase name="postStatusMessage" time="24.386" classname="com.company.facebook.testsuite.FacebookTest"/>
</testsuite> <!-- com.company.facebook.testsuite.FacebookTest -->
