<?xml version="1.0" encoding="UTF-8"?>
<!-- Generated by org.testng.reporters.JUnitReportReporter -->
<testsuite name="com.company.app.TestClass" tests="1" time="17.464" ignored="0" failures="0" timestamp="16 Feb 2020 07:58:20 GMT" skipped="0" hostname="DESKTOP-M57K9LG" errors="0">
  <testcase name="verifyHomepageTitle" time="17.464" classname="com.company.app.TestClass"/>
</testsuite> <!-- com.company.app.TestClass -->
